<?xml version="1.0" encoding="UTF-8"?>
<testng-results skipped="0" failed="0" ignored="0" total="1" passed="1">
  <reporter-output>
  </reporter-output>
  <suite name="Default Suite" duration-ms="14967" started-at="2019-11-28T17:36:39Z" finished-at="2019-11-28T17:36:54Z">
    <groups>
    </groups>
    <test name="MyTheresaProject" duration-ms="14967" started-at="2019-11-28T17:36:39Z" finished-at="2019-11-28T17:36:54Z">
      <class name="tests.Test01">
        <test-method status="PASS" signature="beforeClass()[pri:0, instance:tests.Test01@56ef9176]" name="beforeClass" is-config="true" duration-ms="11448" started-at="2019-11-28T17:36:39Z" finished-at="2019-11-28T17:36:50Z">
          <reporter-output>
          </reporter-output>
        </test-method> <!-- beforeClass -->
        <test-method status="PASS" signature="GucciBagsTest()[pri:0, instance:tests.Test01@56ef9176]" name="GucciBagsTest" duration-ms="2800" started-at="2019-11-28T17:36:50Z" finished-at="2019-11-28T17:36:53Z">
          <reporter-output>
          </reporter-output>
        </test-method> <!-- GucciBagsTest -->
        <test-method status="PASS" signature="afterClass()[pri:0, instance:tests.Test01@56ef9176]" name="afterClass" is-config="true" duration-ms="699" started-at="2019-11-28T17:36:53Z" finished-at="2019-11-28T17:36:54Z">
          <reporter-output>
          </reporter-output>
        </test-method> <!-- afterClass -->
      </class> <!-- tests.Test01 -->
    </test> <!-- MyTheresaProject -->
  </suite> <!-- Default Suite -->
</testng-results>
